mode: atomic
github.com/kaczmarekdaniel/folder-search/internal/app/app.go:31.45,46.2 5 2
github.com/kaczmarekdaniel/folder-search/internal/dirsearch/dirsearch.go:30.32,34.2 1 2
github.com/kaczmarekdaniel/folder-search/internal/dirsearch/dirsearch.go:45.49,48.2 2 1
github.com/kaczmarekdaniel/folder-search/internal/dirsearch/dirsearch.go:82.32,89.2 1 3
github.com/kaczmarekdaniel/folder-search/internal/dirsearch/dirsearch.go:108.35,113.24 4 7
github.com/kaczmarekdaniel/folder-search/internal/dirsearch/dirsearch.go:113.24,115.3 1 1
github.com/kaczmarekdaniel/folder-search/internal/dirsearch/dirsearch.go:115.8,117.3 1 6
github.com/kaczmarekdaniel/folder-search/internal/dirsearch/dirsearch.go:119.2,122.99 2 7
github.com/kaczmarekdaniel/folder-search/internal/dirsearch/dirsearch.go:122.99,123.17 1 23
github.com/kaczmarekdaniel/folder-search/internal/dirsearch/dirsearch.go:123.17,125.4 1 0
github.com/kaczmarekdaniel/folder-search/internal/dirsearch/dirsearch.go:127.3,127.19 1 23
github.com/kaczmarekdaniel/folder-search/internal/dirsearch/dirsearch.go:127.19,130.15 2 23
github.com/kaczmarekdaniel/folder-search/internal/dirsearch/dirsearch.go:130.15,132.5 1 2
github.com/kaczmarekdaniel/folder-search/internal/dirsearch/dirsearch.go:134.4,134.57 1 21
github.com/kaczmarekdaniel/folder-search/internal/dirsearch/dirsearch.go:134.57,136.5 1 1
github.com/kaczmarekdaniel/folder-search/internal/dirsearch/dirsearch.go:140.3,140.19 1 20
github.com/kaczmarekdaniel/folder-search/internal/dirsearch/dirsearch.go:140.19,142.21 2 20
github.com/kaczmarekdaniel/folder-search/internal/dirsearch/dirsearch.go:142.21,144.5 1 12
github.com/kaczmarekdaniel/folder-search/internal/dirsearch/dirsearch.go:144.10,144.33 1 8
github.com/kaczmarekdaniel/folder-search/internal/dirsearch/dirsearch.go:144.33,146.5 1 4
github.com/kaczmarekdaniel/folder-search/internal/dirsearch/dirsearch.go:146.10,148.5 1 4
github.com/kaczmarekdaniel/folder-search/internal/dirsearch/dirsearch.go:150.4,150.15 1 20
github.com/kaczmarekdaniel/folder-search/internal/dirsearch/dirsearch.go:150.15,152.19 2 16
github.com/kaczmarekdaniel/folder-search/internal/dirsearch/dirsearch.go:152.19,154.6 1 0
github.com/kaczmarekdaniel/folder-search/internal/dirsearch/dirsearch.go:155.5,155.28 1 16
github.com/kaczmarekdaniel/folder-search/internal/dirsearch/dirsearch.go:155.28,157.6 1 6
github.com/kaczmarekdaniel/folder-search/internal/dirsearch/dirsearch.go:159.5,159.44 1 10
github.com/kaczmarekdaniel/folder-search/internal/dirsearch/dirsearch.go:159.44,161.6 1 0
github.com/kaczmarekdaniel/folder-search/internal/dirsearch/dirsearch.go:164.5,164.48 1 10
github.com/kaczmarekdaniel/folder-search/internal/dirsearch/dirsearch.go:168.3,168.13 1 14
github.com/kaczmarekdaniel/folder-search/internal/dirsearch/dirsearch.go:171.2,174.3 1 7
github.com/kaczmarekdaniel/folder-search/internal/dirsearch/dirsearch.go:186.34,187.25 1 0
github.com/kaczmarekdaniel/folder-search/internal/dirsearch/dirsearch.go:187.25,190.3 2 0
github.com/kaczmarekdaniel/folder-search/internal/dirsearch/dirsearch.go:192.2,193.41 2 0
github.com/kaczmarekdaniel/folder-search/internal/dirsearch/dirsearch.go:193.41,195.3 1 0
github.com/kaczmarekdaniel/folder-search/internal/app/app.go:31.45,46.2 5 2
github.com/kaczmarekdaniel/folder-search/internal/dirsearch/dirsearch.go:30.32,34.2 1 2
github.com/kaczmarekdaniel/folder-search/internal/dirsearch/dirsearch.go:45.49,48.2 2 1
github.com/kaczmarekdaniel/folder-search/internal/dirsearch/dirsearch.go:82.32,89.2 1 3
github.com/kaczmarekdaniel/folder-search/internal/dirsearch/dirsearch.go:108.35,113.24 4 7
github.com/kaczmarekdaniel/folder-search/internal/dirsearch/dirsearch.go:113.24,115.3 1 1
github.com/kaczmarekdaniel/folder-search/internal/dirsearch/dirsearch.go:115.8,117.3 1 6
github.com/kaczmarekdaniel/folder-search/internal/dirsearch/dirsearch.go:119.2,122.99 2 7
github.com/kaczmarekdaniel/folder-search/internal/dirsearch/dirsearch.go:122.99,123.17 1 23
github.com/kaczmarekdaniel/folder-search/internal/dirsearch/dirsearch.go:123.17,125.4 1 0
github.com/kaczmarekdaniel/folder-search/internal/dirsearch/dirsearch.go:127.3,127.19 1 23
github.com/kaczmarekdaniel/folder-search/internal/dirsearch/dirsearch.go:127.19,130.15 2 23
github.com/kaczmarekdaniel/folder-search/internal/dirsearch/dirsearch.go:130.15,132.5 1 2
github.com/kaczmarekdaniel/folder-search/internal/dirsearch/dirsearch.go:134.4,134.57 1 21
github.com/kaczmarekdaniel/folder-search/internal/dirsearch/dirsearch.go:134.57,136.5 1 1
github.com/kaczmarekdaniel/folder-search/internal/dirsearch/dirsearch.go:140.3,140.19 1 20
github.com/kaczmarekdaniel/folder-search/internal/dirsearch/dirsearch.go:140.19,142.21 2 20
github.com/kaczmarekdaniel/folder-search/internal/dirsearch/dirsearch.go:142.21,144.5 1 12
github.com/kaczmarekdaniel/folder-search/internal/dirsearch/dirsearch.go:144.10,144.33 1 8
github.com/kaczmarekdaniel/folder-search/internal/dirsearch/dirsearch.go:144.33,146.5 1 4
github.com/kaczmarekdaniel/folder-search/internal/dirsearch/dirsearch.go:146.10,148.5 1 4
github.com/kaczmarekdaniel/folder-search/internal/dirsearch/dirsearch.go:150.4,150.15 1 20
github.com/kaczmarekdaniel/folder-search/internal/dirsearch/dirsearch.go:150.15,152.19 2 16
github.com/kaczmarekdaniel/folder-search/internal/dirsearch/dirsearch.go:152.19,154.6 1 0
github.com/kaczmarekdaniel/folder-search/internal/dirsearch/dirsearch.go:155.5,155.28 1 16
github.com/kaczmarekdaniel/folder-search/internal/dirsearch/dirsearch.go:155.28,157.6 1 6
github.com/kaczmarekdaniel/folder-search/internal/dirsearch/dirsearch.go:159.5,159.44 1 10
github.com/kaczmarekdaniel/folder-search/internal/dirsearch/dirsearch.go:159.44,161.6 1 0
github.com/kaczmarekdaniel/folder-search/internal/dirsearch/dirsearch.go:164.5,164.48 1 10
github.com/kaczmarekdaniel/folder-search/internal/dirsearch/dirsearch.go:168.3,168.13 1 14
github.com/kaczmarekdaniel/folder-search/internal/dirsearch/dirsearch.go:171.2,174.3 1 7
github.com/kaczmarekdaniel/folder-search/internal/dirsearch/dirsearch.go:186.34,187.25 1 0
github.com/kaczmarekdaniel/folder-search/internal/dirsearch/dirsearch.go:187.25,190.3 2 0
github.com/kaczmarekdaniel/folder-search/internal/dirsearch/dirsearch.go:192.2,193.41 2 0
github.com/kaczmarekdaniel/folder-search/internal/dirsearch/dirsearch.go:193.41,195.3 1 0
github.com/kaczmarekdaniel/folder-search/main.go:11.13,13.16 2 0
github.com/kaczmarekdaniel/folder-search/main.go:13.16,16.3 2 0
github.com/kaczmarekdaniel/folder-search/main.go:18.2,19.39 2 0
github.com/kaczmarekdaniel/folder-search/main.go:19.39,23.3 3 0
github.com/kaczmarekdaniel/folder-search/main.go:24.2,24.49 1 0
github.com/kaczmarekdaniel/folder-search/internal/ui/ui.go:79.36,79.49 1 0
github.com/kaczmarekdaniel/folder-search/internal/ui/ui.go:81.48,83.25 2 0
github.com/kaczmarekdaniel/folder-search/internal/ui/ui.go:83.25,85.3 1 0
github.com/kaczmarekdaniel/folder-search/internal/ui/ui.go:86.2,86.14 1 0
github.com/kaczmarekdaniel/folder-search/internal/ui/ui.go:89.64,89.76 1 0
github.com/kaczmarekdaniel/folder-search/internal/ui/ui.go:90.64,90.76 1 0
github.com/kaczmarekdaniel/folder-search/internal/ui/ui.go:91.64,91.78 1 0
github.com/kaczmarekdaniel/folder-search/internal/ui/ui.go:92.88,94.9 2 0
github.com/kaczmarekdaniel/folder-search/internal/ui/ui.go:94.9,96.3 1 0
github.com/kaczmarekdaniel/folder-search/internal/ui/ui.go:98.2,100.24 3 0
github.com/kaczmarekdaniel/folder-search/internal/ui/ui.go:100.24,101.33 1 0
github.com/kaczmarekdaniel/folder-search/internal/ui/ui.go:101.33,103.4 1 0
github.com/kaczmarekdaniel/folder-search/internal/ui/ui.go:105.2,105.24 1 0
github.com/kaczmarekdaniel/folder-search/internal/ui/ui.go:108.152,109.6 1 0
github.com/kaczmarekdaniel/folder-search/internal/ui/ui.go:109.6,110.10 1 0
github.com/kaczmarekdaniel/folder-search/internal/ui/ui.go:111.19,114.10 3 0
github.com/kaczmarekdaniel/folder-search/internal/ui/ui.go:115.29,117.11 2 0
github.com/kaczmarekdaniel/folder-search/internal/ui/ui.go:118.30,118.30 0 0
github.com/kaczmarekdaniel/folder-search/internal/ui/ui.go:119.20,122.11 3 0
github.com/kaczmarekdaniel/folder-search/internal/ui/ui.go:128.63,129.24 1 0
github.com/kaczmarekdaniel/folder-search/internal/ui/ui.go:129.24,132.3 2 0
github.com/kaczmarekdaniel/folder-search/internal/ui/ui.go:135.31,138.2 2 0
github.com/kaczmarekdaniel/folder-search/internal/ui/ui.go:150.57,151.27 1 0
github.com/kaczmarekdaniel/folder-search/internal/ui/ui.go:152.25,154.16 2 0
github.com/kaczmarekdaniel/folder-search/internal/ui/ui.go:155.18,156.45 1 0
github.com/kaczmarekdaniel/folder-search/internal/ui/ui.go:157.22,161.22 4 0
github.com/kaczmarekdaniel/folder-search/internal/ui/ui.go:162.15,168.42 6 0
github.com/kaczmarekdaniel/folder-search/internal/ui/ui.go:169.16,170.20 1 0
github.com/kaczmarekdaniel/folder-search/internal/ui/ui.go:170.20,176.5 5 0
github.com/kaczmarekdaniel/folder-search/internal/ui/ui.go:177.16,179.10 2 0
github.com/kaczmarekdaniel/folder-search/internal/ui/ui.go:179.10,181.5 1 0
github.com/kaczmarekdaniel/folder-search/internal/ui/ui.go:182.4,183.22 2 0
github.com/kaczmarekdaniel/folder-search/internal/ui/ui.go:185.19,187.26 2 0
github.com/kaczmarekdaniel/folder-search/internal/ui/ui.go:187.26,190.4 2 0
github.com/kaczmarekdaniel/folder-search/internal/ui/ui.go:190.9,196.4 5 0
github.com/kaczmarekdaniel/folder-search/internal/ui/ui.go:197.3,197.16 1 0
github.com/kaczmarekdaniel/folder-search/internal/ui/ui.go:200.2,202.15 3 0
github.com/kaczmarekdaniel/folder-search/internal/ui/ui.go:205.30,208.20 2 0
github.com/kaczmarekdaniel/folder-search/internal/ui/ui.go:208.20,210.3 1 0
github.com/kaczmarekdaniel/folder-search/internal/ui/ui.go:211.2,211.16 1 0
github.com/kaczmarekdaniel/folder-search/internal/ui/ui.go:211.16,213.3 1 0
github.com/kaczmarekdaniel/folder-search/internal/ui/ui.go:215.2,215.18 1 0
github.com/kaczmarekdaniel/folder-search/internal/ui/ui.go:215.18,219.3 3 0
github.com/kaczmarekdaniel/folder-search/internal/ui/ui.go:221.2,236.56 4 0
github.com/kaczmarekdaniel/folder-search/internal/ui/ui.go:236.56,238.3 1 0
github.com/kaczmarekdaniel/folder-search/internal/ui/ui.go:240.2,240.22 1 0
github.com/kaczmarekdaniel/folder-search/internal/ui/ui.go:266.41,270.25 4 0
github.com/kaczmarekdaniel/folder-search/internal/ui/ui.go:270.25,273.3 2 0
github.com/kaczmarekdaniel/folder-search/internal/ui/ui.go:274.2,288.16 12 0
github.com/kaczmarekdaniel/folder-search/internal/ui/ui.go:288.16,290.3 1 0
github.com/kaczmarekdaniel/folder-search/internal/ui/ui.go:292.2,310.51 7 0
github.com/kaczmarekdaniel/folder-search/internal/ui/ui.go:310.51,312.3 1 0
github.com/kaczmarekdaniel/folder-search/internal/ui/ui.go:314.2,314.12 1 0
github.com/kaczmarekdaniel/folder-search/internal/app/app.go:31.45,46.2 5 2
github.com/kaczmarekdaniel/folder-search/internal/dirsearch/dirsearch.go:30.32,34.2 1 2
github.com/kaczmarekdaniel/folder-search/internal/dirsearch/dirsearch.go:45.49,48.2 2 1
github.com/kaczmarekdaniel/folder-search/internal/dirsearch/dirsearch.go:82.32,89.2 1 3
github.com/kaczmarekdaniel/folder-search/internal/dirsearch/dirsearch.go:108.35,113.24 4 7
github.com/kaczmarekdaniel/folder-search/internal/dirsearch/dirsearch.go:113.24,115.3 1 1
github.com/kaczmarekdaniel/folder-search/internal/dirsearch/dirsearch.go:115.8,117.3 1 6
github.com/kaczmarekdaniel/folder-search/internal/dirsearch/dirsearch.go:119.2,122.99 2 7
github.com/kaczmarekdaniel/folder-search/internal/dirsearch/dirsearch.go:122.99,123.17 1 23
github.com/kaczmarekdaniel/folder-search/internal/dirsearch/dirsearch.go:123.17,125.4 1 0
github.com/kaczmarekdaniel/folder-search/internal/dirsearch/dirsearch.go:127.3,127.19 1 23
github.com/kaczmarekdaniel/folder-search/internal/dirsearch/dirsearch.go:127.19,130.15 2 23
github.com/kaczmarekdaniel/folder-search/internal/dirsearch/dirsearch.go:130.15,132.5 1 2
github.com/kaczmarekdaniel/folder-search/internal/dirsearch/dirsearch.go:134.4,134.57 1 21
github.com/kaczmarekdaniel/folder-search/internal/dirsearch/dirsearch.go:134.57,136.5 1 1
github.com/kaczmarekdaniel/folder-search/internal/dirsearch/dirsearch.go:140.3,140.19 1 20
github.com/kaczmarekdaniel/folder-search/internal/dirsearch/dirsearch.go:140.19,142.21 2 20
github.com/kaczmarekdaniel/folder-search/internal/dirsearch/dirsearch.go:142.21,144.5 1 12
github.com/kaczmarekdaniel/folder-search/internal/dirsearch/dirsearch.go:144.10,144.33 1 8
github.com/kaczmarekdaniel/folder-search/internal/dirsearch/dirsearch.go:144.33,146.5 1 4
github.com/kaczmarekdaniel/folder-search/internal/dirsearch/dirsearch.go:146.10,148.5 1 4
github.com/kaczmarekdaniel/folder-search/internal/dirsearch/dirsearch.go:150.4,150.15 1 20
github.com/kaczmarekdaniel/folder-search/internal/dirsearch/dirsearch.go:150.15,152.19 2 16
github.com/kaczmarekdaniel/folder-search/internal/dirsearch/dirsearch.go:152.19,154.6 1 0
github.com/kaczmarekdaniel/folder-search/internal/dirsearch/dirsearch.go:155.5,155.28 1 16
github.com/kaczmarekdaniel/folder-search/internal/dirsearch/dirsearch.go:155.28,157.6 1 6
github.com/kaczmarekdaniel/folder-search/internal/dirsearch/dirsearch.go:159.5,159.44 1 10
github.com/kaczmarekdaniel/folder-search/internal/dirsearch/dirsearch.go:159.44,161.6 1 0
github.com/kaczmarekdaniel/folder-search/internal/dirsearch/dirsearch.go:164.5,164.48 1 10
github.com/kaczmarekdaniel/folder-search/internal/dirsearch/dirsearch.go:168.3,168.13 1 14
github.com/kaczmarekdaniel/folder-search/internal/dirsearch/dirsearch.go:171.2,174.3 1 7
github.com/kaczmarekdaniel/folder-search/internal/dirsearch/dirsearch.go:186.34,187.25 1 0
github.com/kaczmarekdaniel/folder-search/internal/dirsearch/dirsearch.go:187.25,190.3 2 0
github.com/kaczmarekdaniel/folder-search/internal/dirsearch/dirsearch.go:192.2,193.41 2 0
github.com/kaczmarekdaniel/folder-search/internal/dirsearch/dirsearch.go:193.41,195.3 1 0
